{"level":"\u001b[32minfo\u001b[39m","message":"{\"method\":\"POST\",\"url\":\"/api/v1/user/signin\",\"status\":\"200\",\"responseTime\":\"87.596\"}","timestamp":"2024-12-15T12:52:14.847Z"}
{"level":"\u001b[32minfo\u001b[39m","message":"{\"method\":\"POST\",\"url\":\"/api/v1/admin/signup\",\"status\":\"400\",\"responseTime\":\"75.826\"}","timestamp":"2024-12-15T12:53:24.615Z"}
{"level":"\u001b[32minfo\u001b[39m","message":"{\"method\":\"POST\",\"url\":\"/api/v1/admin/signin\",\"status\":\"200\",\"responseTime\":\"57.654\"}","timestamp":"2024-12-15T12:53:31.525Z"}
{"level":"\u001b[32minfo\u001b[39m","message":"{\"method\":\"POST\",\"url\":\"/api/v1/user/signup\",\"status\":\"400\",\"responseTime\":\"73.805\"}","timestamp":"2024-12-15T13:51:47.483Z"}
{"level":"\u001b[32minfo\u001b[39m","message":"{\"method\":\"POST\",\"url\":\"/api/v1/user/signin\",\"status\":\"200\",\"responseTime\":\"76.844\"}","timestamp":"2024-12-15T13:51:51.167Z"}
{"level":"\u001b[32minfo\u001b[39m","message":"{\"method\":\"POST\",\"url\":\"/api/admin/course\",\"status\":\"404\",\"responseTime\":\"1.032\"}","timestamp":"2024-12-15T13:54:59.508Z"}
{"level":"\u001b[32minfo\u001b[39m","message":"{\"method\":\"POST\",\"url\":\"/api/admin/signup\",\"status\":\"404\",\"responseTime\":\"0.627\"}","timestamp":"2024-12-15T13:55:55.460Z"}
{"level":"\u001b[32minfo\u001b[39m","message":"{\"method\":\"POST\",\"url\":\"/api/admin/signup\",\"status\":\"404\",\"responseTime\":\"0.775\"}","timestamp":"2024-12-15T13:56:02.407Z"}
{"level":"\u001b[32minfo\u001b[39m","message":"{\"method\":\"POST\",\"url\":\"/api/admin/signup\",\"status\":\"404\",\"responseTime\":\"3.377\"}","timestamp":"2024-12-15T13:56:51.424Z"}
{"level":"\u001b[32minfo\u001b[39m","message":"{\"method\":\"POST\",\"url\":\"/api/v1/admin/signup\",\"status\":\"201\",\"responseTime\":\"178.235\"}","timestamp":"2024-12-15T13:56:58.897Z"}
{"level":"\u001b[32minfo\u001b[39m","message":"{\"method\":\"POST\",\"url\":\"/api/v1/admin/signin\",\"status\":\"200\",\"responseTime\":\"91.338\"}","timestamp":"2024-12-15T13:57:03.884Z"}
{"level":"\u001b[32minfo\u001b[39m","message":"{\"method\":\"POST\",\"url\":\"/api/v1/admin/course\",\"status\":\"500\",\"responseTime\":\"3.004\"}","timestamp":"2024-12-15T13:58:33.919Z"}
{"level":"\u001b[32minfo\u001b[39m","message":"{\"method\":\"POST\",\"url\":\"/api/v1/admin/course\",\"status\":\"500\",\"responseTime\":\"1.227\"}","timestamp":"2024-12-15T14:00:09.327Z"}
{"level":"\u001b[32minfo\u001b[39m","message":"{\"method\":\"POST\",\"url\":\"/api/v1/admin/signup\",\"status\":\"201\",\"responseTime\":\"200.476\"}","timestamp":"2024-12-15T14:03:55.462Z"}
{"level":"\u001b[32minfo\u001b[39m","message":"{\"method\":\"POST\",\"url\":\"/api/v1/admin/signin\",\"status\":\"200\",\"responseTime\":\"103.945\"}","timestamp":"2024-12-15T14:04:00.240Z"}
{"level":"\u001b[32minfo\u001b[39m","message":"{\"method\":\"POST\",\"url\":\"/api/v1/admin/course\",\"status\":\"200\",\"responseTime\":\"87.779\"}","timestamp":"2024-12-15T14:04:50.978Z"}
{"level":"\u001b[32minfo\u001b[39m","message":"{\"method\":\"POST\",\"url\":\"/api/v1/admin/course\",\"status\":\"200\",\"responseTime\":\"101.225\"}","timestamp":"2024-12-15T14:05:32.953Z"}
{"level":"\u001b[32minfo\u001b[39m","message":"{\"method\":\"POST\",\"url\":\"/api/v1/admin/course\",\"status\":\"200\",\"responseTime\":\"68.972\"}","timestamp":"2024-12-15T14:06:21.063Z"}
{"level":"\u001b[32minfo\u001b[39m","message":"{\"method\":\"GET\",\"url\":\"/api/v1/admin/course/bulk\",\"status\":\"200\",\"responseTime\":\"73.832\"}","timestamp":"2024-12-15T14:06:39.110Z"}
{"level":"\u001b[32minfo\u001b[39m","message":"{\"method\":\"POST\",\"url\":\"/api/v1/user/signup\",\"status\":\"201\",\"responseTime\":\"178.406\"}","timestamp":"2024-12-15T14:07:05.787Z"}
{"level":"\u001b[32minfo\u001b[39m","message":"{\"method\":\"POST\",\"url\":\"/api/v1/user/signin\",\"status\":\"200\",\"responseTime\":\"68.883\"}","timestamp":"2024-12-15T14:07:11.666Z"}
{"level":"\u001b[32minfo\u001b[39m","message":"{\"method\":\"GET\",\"url\":\"/api/v1/course/preview\",\"status\":\"200\",\"responseTime\":\"86.497\"}","timestamp":"2024-12-15T14:09:03.510Z"}
{"level":"\u001b[32minfo\u001b[39m","message":"{\"method\":\"POST\",\"url\":\"/api/v1/course/purchase\",\"status\":\"500\",\"responseTime\":\"3.660\"}","timestamp":"2024-12-15T14:10:02.983Z"}
{"level":"\u001b[32minfo\u001b[39m","message":"{\"method\":\"POST\",\"url\":\"/api/v1/course/purchase\",\"status\":\"500\",\"responseTime\":\"2.357\"}","timestamp":"2024-12-15T14:10:35.255Z"}
{"level":"\u001b[32minfo\u001b[39m","message":"{\"method\":\"POST\",\"url\":\"/api/v1/course/purchase\",\"status\":\"500\",\"responseTime\":\"1.090\"}","timestamp":"2024-12-15T14:11:04.348Z"}
{"level":"\u001b[32minfo\u001b[39m","message":"{\"method\":\"POST\",\"url\":\"/api/v1/course/purchase\",\"status\":\"500\",\"responseTime\":\"9.792\"}","timestamp":"2024-12-15T14:12:13.885Z"}
{"level":"\u001b[32minfo\u001b[39m","message":"{\"method\":\"POST\",\"url\":\"/api/v1/course/purchase\",\"status\":\"500\",\"responseTime\":\"3.104\"}","timestamp":"2024-12-15T14:13:11.570Z"}
{"level":"\u001b[32minfo\u001b[39m","message":"{\"method\":\"POST\",\"url\":\"/api/v1/course/purchase\",\"status\":\"500\",\"responseTime\":\"2.724\"}","timestamp":"2024-12-15T14:13:12.523Z"}
{"level":"\u001b[32minfo\u001b[39m","message":"{\"method\":\"POST\",\"url\":\"/api/v1/course/preview\",\"status\":\"404\",\"responseTime\":\"1.141\"}","timestamp":"2024-12-15T14:13:38.224Z"}
{"level":"\u001b[32minfo\u001b[39m","message":"{\"method\":\"POST\",\"url\":\"/api/v1/course/preview\",\"status\":\"404\",\"responseTime\":\"0.695\"}","timestamp":"2024-12-15T14:13:40.575Z"}
{"level":"\u001b[32minfo\u001b[39m","message":"{\"method\":\"POST\",\"url\":\"/api/v1/course/preview\",\"status\":\"404\",\"responseTime\":\"0.812\"}","timestamp":"2024-12-15T14:13:40.961Z"}
{"level":"\u001b[32minfo\u001b[39m","message":"{\"method\":\"POST\",\"url\":\"/api/v1/course/preview\",\"status\":\"404\",\"responseTime\":\"0.655\"}","timestamp":"2024-12-15T14:13:41.124Z"}
{"level":"\u001b[32minfo\u001b[39m","message":"{\"method\":\"POST\",\"url\":\"/api/v1/course/preview\",\"status\":\"404\",\"responseTime\":\"0.881\"}","timestamp":"2024-12-15T14:13:41.286Z"}
{"level":"\u001b[32minfo\u001b[39m","message":"{\"method\":\"POST\",\"url\":\"/api/v1/course/preview\",\"status\":\"404\",\"responseTime\":\"0.598\"}","timestamp":"2024-12-15T14:13:41.448Z"}
{"level":"\u001b[32minfo\u001b[39m","message":"{\"method\":\"POST\",\"url\":\"/api/v1/course/preview\",\"status\":\"404\",\"responseTime\":\"0.440\"}","timestamp":"2024-12-15T14:13:41.636Z"}
{"level":"\u001b[32minfo\u001b[39m","message":"{\"method\":\"POST\",\"url\":\"/api/v1/course/preview\",\"status\":\"404\",\"responseTime\":\"4.760\"}","timestamp":"2024-12-15T14:14:37.687Z"}
{"level":"\u001b[32minfo\u001b[39m","message":"{\"method\":\"POST\",\"url\":\"/api/v1/course/\",\"status\":\"404\",\"responseTime\":\"0.867\"}","timestamp":"2024-12-15T14:14:40.177Z"}
